0 info it worked if it ends with ok
1 verbose cli [ '/Users/philtoms/.nvm/versions/node/v5.7.1/bin/node',
1 verbose cli   '/Users/philtoms/.nvm/versions/node/v5.7.1/bin/npm',
1 verbose cli   'start' ]
2 info using npm@3.6.0
3 info using node@v5.7.1
4 verbose run-script [ 'prestart', 'start', 'poststart' ]
5 info lifecycle webpackbin-project@1.0.0~prestart: webpackbin-project@1.0.0
6 silly lifecycle webpackbin-project@1.0.0~prestart: no script for prestart, continuing
7 info lifecycle webpackbin-project@1.0.0~start: webpackbin-project@1.0.0
8 verbose lifecycle webpackbin-project@1.0.0~start: unsafe-perm in lifecycle true
9 verbose lifecycle webpackbin-project@1.0.0~start: PATH: /Users/philtoms/.nvm/versions/node/v5.7.1/lib/node_modules/npm/bin/node-gyp-bin:/Users/philtoms/Google Drive/dev/circus/circus/examples/react/login/node_modules/.bin:/Users/philtoms/.nvm/versions/node/v5.7.1/bin:/usr/bin:/bin:/usr/sbin:/sbin:/usr/local/bin
10 verbose lifecycle webpackbin-project@1.0.0~start: CWD: /Users/philtoms/Google Drive/dev/circus/circus/examples/react/login
11 silly lifecycle webpackbin-project@1.0.0~start: Args: [ '-c', 'webpack-dev-server --content-base build/' ]
12 silly lifecycle webpackbin-project@1.0.0~start: Returned: code: 1  signal: null
13 info lifecycle webpackbin-project@1.0.0~start: Failed to exec start script
14 verbose stack Error: webpackbin-project@1.0.0 start: `webpack-dev-server --content-base build/`
14 verbose stack Exit status 1
14 verbose stack     at EventEmitter.<anonymous> (/Users/philtoms/.nvm/versions/node/v5.7.1/lib/node_modules/npm/lib/utils/lifecycle.js:232:16)
14 verbose stack     at emitTwo (events.js:100:13)
14 verbose stack     at EventEmitter.emit (events.js:185:7)
14 verbose stack     at ChildProcess.<anonymous> (/Users/philtoms/.nvm/versions/node/v5.7.1/lib/node_modules/npm/lib/utils/spawn.js:24:14)
14 verbose stack     at emitTwo (events.js:100:13)
14 verbose stack     at ChildProcess.emit (events.js:185:7)
14 verbose stack     at maybeClose (internal/child_process.js:827:16)
14 verbose stack     at Process.ChildProcess._handle.onexit (internal/child_process.js:211:5)
15 verbose pkgid webpackbin-project@1.0.0
16 verbose cwd /Users/philtoms/Google Drive/dev/circus/circus/examples/react/login
17 error Darwin 15.2.0
18 error argv "/Users/philtoms/.nvm/versions/node/v5.7.1/bin/node" "/Users/philtoms/.nvm/versions/node/v5.7.1/bin/npm" "start"
19 error node v5.7.1
20 error npm  v3.6.0
21 error code ELIFECYCLE
22 error webpackbin-project@1.0.0 start: `webpack-dev-server --content-base build/`
22 error Exit status 1
23 error Failed at the webpackbin-project@1.0.0 start script 'webpack-dev-server --content-base build/'.
23 error Make sure you have the latest version of node.js and npm installed.
23 error If you do, this is most likely a problem with the webpackbin-project package,
23 error not with npm itself.
23 error Tell the author that this fails on your system:
23 error     webpack-dev-server --content-base build/
23 error You can get information on how to open an issue for this project with:
23 error     npm bugs webpackbin-project
23 error Or if that isn't available, you can get their info via:
23 error     npm owner ls webpackbin-project
23 error There is likely additional logging output above.
24 verbose exit [ 1, true ]
